time=2021-10-30T20:01:20Z level=info msg=initializing wars service
time=2021-10-30T20:01:20Z level=info msg=fetching known wars from mongo
time=2021-10-30T20:01:20Z level=info msg=fetching wars from ESI
time=2021-10-30T20:01:20Z level=info msg=fetching new wars from ESI numNewWars=2000
time=2021-10-30T20:03:24Z level=info msg=session initialize successfully, listening for messages
time=2021-10-30T20:09:17Z level=info msg=initializing wars service
time=2021-10-30T20:09:17Z level=info msg=fetching known wars from mongo
time=2021-10-30T20:09:17Z level=info msg=fetching wars from ESI
time=2021-10-30T20:09:17Z level=info msg=fetching new wars from ESI numNewWars=2000
time=2021-10-30T20:09:17Z level=info msg=session initialize successfully, listening for messages
time=2021-10-30T20:10:15Z level=info msg=initializing wars service
time=2021-10-30T20:10:15Z level=info msg=fetching known wars from mongo
time=2021-10-30T20:10:15Z level=info msg=fetching wars from ESI
time=2021-10-30T20:10:15Z level=info msg=fetching new wars from ESI numNewWars=2000
time=2021-10-30T20:10:16Z level=info msg=session initialize successfully, listening for messages
time=2021-10-30T20:11:54Z level=info msg=initializing wars service
time=2021-10-30T20:11:54Z level=info msg=fetching known wars from mongo
time=2021-10-30T20:11:54Z level=info msg=fetching wars from ESI
time=2021-10-30T20:11:54Z level=info msg=fetching new wars from ESI numNewWars=2000
time=2021-10-30T20:11:57Z level=info msg=session initialize successfully, listening for messages
time=2021-10-30T20:14:16Z level=info msg=initializing wars service
time=2021-10-30T20:14:16Z level=info msg=fetching known wars from mongo
time=2021-10-30T20:14:16Z level=info msg=fetching wars from ESI
time=2021-10-30T20:14:16Z level=info msg=fetching new wars from ESI numNewWars=2000
time=2021-10-30T20:14:17Z level=info msg=session initialize successfully, listening for messages
time=2021-10-30T20:14:37Z level=info msg=initializing wars service
time=2021-10-30T20:14:37Z level=info msg=fetching known wars from mongo
time=2021-10-30T20:14:37Z level=info msg=fetching wars from ESI
time=2021-10-30T20:14:37Z level=info msg=fetching new wars from ESI numNewWars=2000
time=2021-10-30T20:14:38Z level=info msg=session initialize successfully, listening for messages
time=2021-10-30T20:15:39Z level=info msg=initializing wars service
time=2021-10-30T20:15:39Z level=info msg=fetching known wars from mongo
time=2021-10-30T20:15:39Z level=info msg=fetching wars from ESI
time=2021-10-30T20:15:39Z level=info msg=fetching new wars from ESI numNewWars=2000
time=2021-10-30T20:15:39Z level=info msg=session initialize successfully, listening for messages
time=2021-10-30T20:26:57Z level=info msg=initializing wars service
time=2021-10-30T20:26:57Z level=info msg=fetching known wars from mongo
time=2021-10-30T20:26:57Z level=info msg=fetching wars from ESI
time=2021-10-30T20:26:57Z level=info msg=fetching new wars from ESI numNewWars=0
time=2021-10-30T20:26:58Z level=info msg=session initialize successfully, listening for messages
time=2021-10-30T20:28:07Z level=info msg=initializing wars service
time=2021-10-30T20:28:07Z level=info msg=fetching known wars from mongo
time=2021-10-30T20:28:07Z level=info msg=fetching wars from ESI
time=2021-10-30T20:28:08Z level=info msg=session initialize successfully, listening for messages
time=2021-10-30T20:29:04Z level=info msg=initializing wars service
time=2021-10-30T20:29:04Z level=info msg=fetching known wars from mongo
time=2021-10-30T20:29:04Z level=info msg=fetching wars from ESI
time=2021-10-30T20:29:05Z level=info msg=session initialize successfully, listening for messages
time=2021-10-30T20:30:29Z level=info msg=initializing wars service
time=2021-10-30T20:30:29Z level=info msg=fetching known wars from mongo
time=2021-10-30T20:30:29Z level=info msg=fetching wars from ESI
time=2021-10-30T20:30:29Z level=info msg=session initialize successfully, listening for messages
time=2021-10-30T20:32:23Z level=info msg=initializing wars service
time=2021-10-30T20:32:23Z level=info msg=fetching known wars from mongo
time=2021-10-30T20:32:23Z level=info msg=fetching wars from ESI
time=2021-10-30T20:32:23Z level=info msg=session initialize successfully, listening for messages
time=2021-10-30T20:33:31Z level=info msg=[discord] hold channel received value, closing session
time=2021-10-30T20:34:51Z level=info msg=initializing wars service
time=2021-10-30T20:34:51Z level=info msg=fetching known wars from mongo
time=2021-10-30T20:34:51Z level=info msg=fetching wars from ESI
time=2021-10-30T20:34:51Z level=info msg=session initialize successfully, listening for messages
time=2021-10-30T20:35:07Z level=info msg=[discord] hold channel received value, closing session
time=2021-10-30T20:35:10Z level=info msg=initializing wars service
time=2021-10-30T20:35:10Z level=info msg=fetching known wars from mongo
time=2021-10-30T20:35:10Z level=info msg=fetching wars from ESI
time=2021-10-30T20:35:10Z level=info msg=no new wars returns from ESI
time=2021-10-30T20:35:10Z level=info msg=session initialize successfully, listening for messages
time=2021-10-30T20:36:03Z level=info msg=[discord] hold channel received value, closing session
time=2021-10-30T20:36:05Z level=info msg=initializing wars service
time=2021-10-30T20:36:05Z level=info msg=fetching known wars from mongo
time=2021-10-30T20:36:06Z level=info msg=fetching wars from ESI
time=2021-10-30T20:36:06Z level=info msg=no new wars returns from ESI
time=2021-10-30T20:36:06Z level=info msg=session initialize successfully, listening for messages
time=2021-10-30T20:36:47Z level=info msg=[discord] hold channel received value, closing session
